<?xml version="1.0" encoding="UTF-8"?>
<!-- Generated by org.testng.reporters.JUnitXMLReporter -->
<testsuite hostname="AmrElagamys-MacBook-Pro.local" ignored="0" name="Regression Test" tests="3" failures="0" timestamp="12 Feb 2021 00:40:30 GMT" time="204.326" errors="0">
  <testcase name="newUserRegistration" time="35.154" classname="test.gui.Resistration"/>
  <testcase name="signIn" time="22.793" classname="test.gui.SighIn"/>
  <testcase name="CheckoutItem" time="83.452" classname="test.gui.Checkout"/>
</testsuite> <!-- Regression Test -->
