<?xml version="1.0" encoding="UTF-8"?>
<testng-results skipped="0" failed="0" ignored="0" total="2" passed="2">
  <reporter-output>
  </reporter-output>
  <suite name="Default suite" duration-ms="2197" started-at="2021-02-12T00:40:59Z" finished-at="2021-02-12T00:41:01Z">
    <groups>
    </groups>
    <test name="Default test" duration-ms="2197" started-at="2021-02-12T00:40:59Z" finished-at="2021-02-12T00:41:01Z">
      <class name="test.api.Rest">
        <test-method status="PASS" signature="geAllPosts()[pri:0, instance:test.api.Rest@3532ec19]" name="geAllPosts" duration-ms="1515" started-at="2021-02-12T00:40:59Z" description="Get all posts" finished-at="2021-02-12T00:41:01Z">
          <reporter-output>
          </reporter-output>
        </test-method> <!-- geAllPosts -->
        <test-method status="PASS" signature="postRequest()[pri:0, instance:test.api.Rest@3532ec19]" name="postRequest" duration-ms="664" started-at="2021-02-12T00:41:01Z" description="Create a post" finished-at="2021-02-12T00:41:01Z">
          <reporter-output>
          </reporter-output>
        </test-method> <!-- postRequest -->
      </class> <!-- test.api.Rest -->
    </test> <!-- Default test -->
  </suite> <!-- Default suite -->
</testng-results>
